<?xml version="1.0" encoding="UTF-8"?>
<!-- Generated by org.testng.reporters.JUnitReportReporter -->
<testsuite hostname="Thota" name="Academy.validateJavaTest" tests="1" failures="0" timestamp="29 Apr 2022 06:33:35 GMT" time="2.794" errors="0">
  <testcase name="basePageNavigation" time="2.794" classname="Academy.validateJavaTest"/>
</testsuite> <!-- Academy.validateJavaTest -->
