<?xml version="1.0" encoding="UTF-8"?>
<!-- Generated by org.testng.reporters.JUnitReportReporter -->
<testsuite hostname="Thota" name="Academy.HomePageTest" tests="2" failures="0" timestamp="29 Apr 2022 06:33:35 GMT" time="43.459" errors="0">
  <testcase name="basePageNavigation" time="27.623" classname="Academy.HomePageTest"/>
  <testcase name="basePageNavigation" time="15.836" classname="Academy.HomePageTest"/>
</testsuite> <!-- Academy.HomePageTest -->
