<?xml version="1.0" encoding="UTF-8"?>
<!-- Generated by org.testng.reporters.JUnitReportReporter -->
<testsuite hostname="Thota" name="Academy.HomePageTest" tests="2" failures="0" timestamp="28 Apr 2022 15:37:29 GMT" time="84.185" errors="0">
  <testcase name="basePageNavigation" time="35.652" classname="Academy.HomePageTest"/>
  <testcase name="basePageNavigation" time="48.533" classname="Academy.HomePageTest"/>
</testsuite> <!-- Academy.HomePageTest -->
