<?xml version="1.0" encoding="UTF-8"?>
<!-- Generated by org.testng.reporters.JUnitReportReporter -->
<testsuite hostname="Thota" name="Academy.validateJavaTest" tests="1" failures="0" timestamp="28 Apr 2022 15:37:29 GMT" time="2.119" errors="0">
  <testcase name="basePageNavigation" time="2.119" classname="Academy.validateJavaTest"/>
</testsuite> <!-- Academy.validateJavaTest -->
